<?xml version="1.0" encoding="utf-8" standalone="no"?>
<!--This file represents the results of running a test suite-->
<test-results name="D:\Code\GH-Exira\knx.net\tests\InfluxDB.FSharp.UnitTests\bin\Release\InfluxDB.FSharp.UnitTests.dll" total="14" errors="0" failures="0" not-run="0" inconclusive="0" ignored="0" skipped="0" invalid="0" date="2017-04-14" time="12:20:56">
  <environment nunit-version="3.5.0.0" clr-version="4.0.30319.42000" os-version="Microsoft Windows NT 10.0.14393.0" platform="Win32NT" cwd="D:\Code\GH-Exira\knx.net" machine-name="AOCWS952" user="cumpsda" user-domain="VLM" />
  <culture-info current-culture="en-US" current-uiculture="en-US" />
  <test-suite type="Assembly" name="D:\Code\GH-Exira\knx.net\tests\InfluxDB.FSharp.UnitTests\bin\Release\InfluxDB.FSharp.UnitTests.dll" executed="True" result="Success" success="True" time="0.400" asserts="39">
    <properties>
      <property name="_PID" value="19264" />
      <property name="_APPDOMAIN" value="domain-" />
    </properties>
    <results>
      <test-suite type="TestSuite" name="InfluxDB" executed="True" result="Success" success="True" time="0.372" asserts="39">
        <results>
          <test-suite type="TestSuite" name="FSharp" executed="True" result="Success" success="True" time="0.368" asserts="39">
            <results>
              <test-suite type="TestSuite" name="UnitTests" executed="True" result="Success" success="True" time="0.364" asserts="39">
                <results>
                  <test-suite type="TestFixture" name="Client" executed="True" result="Success" success="True" time="0.019" asserts="0">
                    <results>
                      <test-case name="InfluxDB.FSharp.UnitTests.Client.constructor" executed="True" result="Success" success="True" time="0.005" asserts="0" />
                    </results>
                  </test-suite>
                  <test-suite type="TestFixture" name="Point" executed="True" result="Success" success="True" time="0.249" asserts="23">
                    <results>
                      <test-case name="InfluxDB.FSharp.UnitTests.Point.can create correct point" executed="True" result="Success" success="True" time="0.051" asserts="0" />
                      <test-case name="InfluxDB.FSharp.UnitTests.Point.escaping" executed="True" result="Success" success="True" time="0.067" asserts="7" />
                      <test-case name="InfluxDB.FSharp.UnitTests.Point.fields validation" executed="True" result="Success" success="True" time="0.100" asserts="8" />
                      <test-case name="InfluxDB.FSharp.UnitTests.Point.measurement validation" executed="True" result="Success" success="True" time="0.002" asserts="4" />
                      <test-case name="InfluxDB.FSharp.UnitTests.Point.tags validation" executed="True" result="Success" success="True" time="0.007" asserts="3" />
                      <test-case name="InfluxDB.FSharp.UnitTests.Point.timestamp validation" executed="True" result="Success" success="True" time="0.001" asserts="1" />
                    </results>
                  </test-suite>
                  <test-suite type="TestFixture" name="Prelude" executed="True" result="Success" success="True" time="0.083" asserts="16">
                    <results>
                      <test-case name="InfluxDB.FSharp.UnitTests.Prelude.DateTime.toUnixHours" executed="True" result="Success" success="True" time="0.016" asserts="2" />
                      <test-case name="InfluxDB.FSharp.UnitTests.Prelude.DateTime.toUnixMicroseconds" executed="True" result="Success" success="True" time="0.001" asserts="2" />
                      <test-case name="InfluxDB.FSharp.UnitTests.Prelude.DateTime.toUnixMilliseconds" executed="True" result="Success" success="True" time="0.001" asserts="2" />
                      <test-case name="InfluxDB.FSharp.UnitTests.Prelude.DateTime.toUnixMinutes" executed="True" result="Success" success="True" time="0.001" asserts="2" />
                      <test-case name="InfluxDB.FSharp.UnitTests.Prelude.DateTime.toUnixSeconds" executed="True" result="Success" success="True" time="0.001" asserts="2" />
                      <test-case name="InfluxDB.FSharp.UnitTests.Prelude.Seq.single" executed="True" result="Success" success="True" time="0.029" asserts="3" />
                      <test-case name="InfluxDB.FSharp.UnitTests.Prelude.Seq.trySingle" executed="True" result="Success" success="True" time="0.010" asserts="3" />
                    </results>
                  </test-suite>
                </results>
              </test-suite>
            </results>
          </test-suite>
        </results>
      </test-suite>
    </results>
  </test-suite>
</test-results>